<?xml version="1.0" encoding="UTF-8" ?>
<testsuite tests="25" failures="3" name="TestSuite" time="0.768" errors="0" skipped="22">
  <properties>
    <property name="java.runtime.name" value="OpenJDK Runtime Environment"/>
    <property name="java.vm.version" value="16.0.2+7-67"/>
    <property name="sun.boot.library.path" value="C:\Users\l470\.p2\pool\plugins\org.eclipse.justj.openjdk.hotspot.jre.full.win32.x86_64_16.0.2.v20210721-1149\jre\bin"/>
    <property name="maven.multiModuleProjectDirectory" value="E:\new Script\HybridFramworkForSeptBatch"/>
    <property name="java.vm.vendor" value="Oracle Corporation"/>
    <property name="java.vendor.url" value="https://java.oracle.com/"/>
    <property name="guice.disable.misplaced.annotation.check" value="true"/>
    <property name="path.separator" value=";"/>
    <property name="java.vm.name" value="OpenJDK 64-Bit Server VM"/>
    <property name="sun.os.patch.level" value=""/>
    <property name="user.script" value=""/>
    <property name="user.country" value="IN"/>
    <property name="sun.java.launcher" value="SUN_STANDARD"/>
    <property name="java.vm.specification.name" value="Java Virtual Machine Specification"/>
    <property name="user.dir" value="E:\new Script\HybridFramworkForSeptBatch"/>
    <property name="java.vm.compressedOopsMode" value="Zero based"/>
    <property name="java.runtime.version" value="16.0.2+7-67"/>
    <property name="os.arch" value="amd64"/>
    <property name="java.io.tmpdir" value="C:\Users\l470\AppData\Local\Temp\"/>
    <property name="line.separator" value="
"/>
    <property name="java.vm.specification.vendor" value="Oracle Corporation"/>
    <property name="user.variant" value=""/>
    <property name="os.name" value="Windows 10"/>
    <property name="classworlds.conf" value="E:\new Script\.metadata\.plugins\org.eclipse.m2e.launching\launches\m2conf16102907281663253899.tmp"/>
    <property name="sun.jnu.encoding" value="Cp1252"/>
    <property name="java.library.path" value="C:\Users\l470\.p2\pool\plugins\org.eclipse.justj.openjdk.hotspot.jre.full.win32.x86_64_16.0.2.v20210721-1149\jre\bin;C:\Windows\Sun\Java\bin;C:\Windows\system32;C:\Windows;C:/Users/l470/.p2/pool/plugins/org.eclipse.justj.openjdk.hotspot.jre.full.win32.x86_64_16.0.2.v20210721-1149/jre/bin/server;C:/Users/l470/.p2/pool/plugins/org.eclipse.justj.openjdk.hotspot.jre.full.win32.x86_64_16.0.2.v20210721-1149/jre/bin;C:\Program Files\Common Files\Oracle\Java\javapath;C:\Program Files (x86)\Common Files\Oracle\Java\javapath;C:\Windows\system32;C:\Windows;C:\Windows\System32\Wbem;C:\Windows\System32\WindowsPowerShell\v1.0\;C:\Windows\System32\OpenSSH\;c:\Program Files\Microsoft SQL Server\110\Tools\Binn\;c:\Program Files (x86)\Microsoft SQL Server\110\Tools\Binn\;c:\Program Files\Microsoft SQL Server\110\DTS\Binn\;c:\Program Files (x86)\Microsoft SQL Server\110\Tools\Binn\ManagementStudio\;c:\Program Files (x86)\Microsoft SQL Server\110\DTS\Binn\;C:\Program Files (x86)\Bitvise SSH Client;C:\Program Files\Git\cmd;C:\Users\l470\AppData\Local\Microsoft\WindowsApps;C:\Users\l470\AppData\Local\Programs\Microsoft VS Code\bin;C:\Windows\system32;;."/>
    <property name="jdk.debug" value="release"/>
    <property name="java.class.version" value="60.0"/>
    <property name="java.specification.name" value="Java Platform API Specification"/>
    <property name="sun.management.compiler" value="HotSpot 64-Bit Tiered Compilers"/>
    <property name="os.version" value="10.0"/>
    <property name="user.home" value="C:\Users\l470"/>
    <property name="user.timezone" value="Asia/Calcutta"/>
    <property name="file.encoding" value="Cp1252"/>
    <property name="java.specification.version" value="16"/>
    <property name="user.name" value="l470"/>
    <property name="java.class.path" value="C:\Users\l470\.p2\pool\plugins\org.eclipse.m2e.maven.runtime_1.18.0.20210618-2246\jars\plexus-classworlds-2.6.0.jar"/>
    <property name="java.vm.specification.version" value="16"/>
    <property name="sun.arch.data.model" value="64"/>
    <property name="sun.java.command" value="org.codehaus.plexus.classworlds.launcher.Launcher -B test"/>
    <property name="java.home" value="C:\Users\l470\.p2\pool\plugins\org.eclipse.justj.openjdk.hotspot.jre.full.win32.x86_64_16.0.2.v20210721-1149\jre"/>
    <property name="user.language" value="en"/>
    <property name="java.specification.vendor" value="Oracle Corporation"/>
    <property name="java.vm.info" value="mixed mode"/>
    <property name="java.version" value="16.0.2"/>
    <property name="java.vendor" value="Oracle Corporation"/>
    <property name="maven.home" value="E:\new Script\HybridFramworkForSeptBatch\EMBEDDED"/>
    <property name="file.separator" value="\"/>
    <property name="java.version.date" value="2021-07-20"/>
    <property name="java.vendor.url.bug" value="https://bugreport.java.com/bugreport/"/>
    <property name="sun.io.unicode.encoding" value="UnicodeLittle"/>
    <property name="sun.cpu.endian" value="little"/>
    <property name="sun.cpu.isalist" value="amd64"/>
  </properties>
  <testcase classname="Com.TestLayer.ContactPageTest" name="setUp" time="0.756">
    <failure type="java.lang.NullPointerException">java.lang.NullPointerException
	at java.base/java.util.concurrent.ConcurrentHashMap.putVal(ConcurrentHashMap.java:1011)
	at java.base/java.util.concurrent.ConcurrentHashMap.put(ConcurrentHashMap.java:1006)
	at java.base/java.util.Properties.put(Properties.java:1334)
	at java.base/java.util.Properties.setProperty(Properties.java:229)
	at java.base/java.lang.System.setProperty(System.java:915)
	at Com.BaseLayer.BaseClass.initilization(BaseClass.java:38)
	at Com.TestLayer.ContactPageTest.setUp(ContactPageTest.java:21)
</failure>
    <system-out>Configuring TestNG with: org.apache.maven.surefire.testng.conf.TestNG652Configurator@1d8d30f7
</system-out>
  </testcase>
  <testcase classname="Com.TestLayer.ContactPageTest" name="validateLoginFunctionality" time="0.001">
    <skipped/>
  </testcase>
  <testcase classname="Com.TestLayer.ContactPageTest" name="validateHomePageTitle" time="0">
    <skipped/>
  </testcase>
  <testcase classname="Com.TestLayer.ContactPageTest" name="validateHomePageLogo" time="0">
    <skipped/>
  </testcase>
  <testcase classname="Com.TestLayer.ContactPageTest" name="validateCreateButton" time="0.001">
    <skipped/>
  </testcase>
  <testcase classname="Com.TestLayer.ContactPageTest" name="validateFirstName" time="0">
    <skipped/>
  </testcase>
  <testcase classname="Com.TestLayer.ContactPageTest" name="valideLastName" time="0">
    <skipped/>
  </testcase>
  <testcase classname="Com.TestLayer.ContactPageTest" name="validateMiddleName" time="0">
    <skipped/>
  </testcase>
  <testcase classname="Com.TestLayer.ContactPageTest" name="validatepublicAccess" time="0">
    <skipped/>
  </testcase>
  <testcase classname="Com.TestLayer.ContactPageTest" name="validateDp" time="0">
    <skipped/>
  </testcase>
  <testcase classname="Com.TestLayer.ContactPageTest" name="validateSaveButton" time="0">
    <skipped/>
  </testcase>
  <testcase classname="Com.TestLayer.ContactPageTest" name="tearDown" time="0.001">
    <skipped/>
  </testcase>
  <testcase classname="Com.TestLayer.HomePageTest" name="setUp" time="0.002">
    <failure type="java.lang.NullPointerException">java.lang.NullPointerException
	at java.base/java.util.concurrent.ConcurrentHashMap.putVal(ConcurrentHashMap.java:1011)
	at java.base/java.util.concurrent.ConcurrentHashMap.put(ConcurrentHashMap.java:1006)
	at java.base/java.util.Properties.put(Properties.java:1334)
	at java.base/java.util.Properties.setProperty(Properties.java:229)
	at java.base/java.lang.System.setProperty(System.java:915)
	at Com.BaseLayer.BaseClass.initilization(BaseClass.java:38)
	at Com.TestLayer.HomePageTest.setUp(HomePageTest.java:17)
</failure>
  </testcase>
  <testcase classname="Com.TestLayer.HomePageTest" name="validateLoginPage" time="0">
    <skipped/>
  </testcase>
  <testcase classname="Com.TestLayer.HomePageTest" name="validateHomePageLogo" time="0.001">
    <skipped/>
  </testcase>
  <testcase classname="Com.TestLayer.HomePageTest" name="validateLoggedUsername" time="0">
    <skipped/>
  </testcase>
  <testcase classname="Com.TestLayer.HomePageTest" name="validateHomePageTitle" time="0">
    <skipped/>
  </testcase>
  <testcase classname="Com.TestLayer.HomePageTest" name="validateHomeUrl" time="0">
    <skipped/>
  </testcase>
  <testcase classname="Com.TestLayer.HomePageTest" name="validateContactLink" time="0.001">
    <skipped/>
  </testcase>
  <testcase classname="Com.TestLayer.HomePageTest" name="validateDealsLink" time="0">
    <skipped/>
  </testcase>
  <testcase classname="Com.TestLayer.HomePageTest" name="validateCompanies" time="0">
    <skipped/>
  </testcase>
  <testcase classname="Com.TestLayer.HomePageTest" name="tearDown" time="0">
    <skipped/>
  </testcase>
  <testcase classname="Com.TestLayer.LoginPageTest" name="setUp" time="0.003">
    <failure type="java.lang.NullPointerException">java.lang.NullPointerException
	at java.base/java.util.concurrent.ConcurrentHashMap.putVal(ConcurrentHashMap.java:1011)
	at java.base/java.util.concurrent.ConcurrentHashMap.put(ConcurrentHashMap.java:1006)
	at java.base/java.util.Properties.put(Properties.java:1334)
	at java.base/java.util.Properties.setProperty(Properties.java:229)
	at java.base/java.lang.System.setProperty(System.java:915)
	at Com.BaseLayer.BaseClass.initilization(BaseClass.java:38)
	at Com.TestLayer.LoginPageTest.setUp(LoginPageTest.java:15)
</failure>
  </testcase>
  <testcase classname="Com.TestLayer.LoginPageTest" name="validateLoginFunctionality" time="0">
    <skipped/>
  </testcase>
  <testcase classname="Com.TestLayer.LoginPageTest" name="tearDown" time="0.002">
    <skipped/>
  </testcase>
</testsuite>